2025/06/20 13:42:58 使用现有目录: 05005，已有文件夹数量: 3231/5000
2025/06/20 13:42:58 初始化切片目录为 05005，已有文件夹数量 3231
2025/06/20 13:42:58 共找到 1 个待处理案卷
2025/06/20 13:42:59 解析图片尺寸失败: J:\imagess\001\ucamisweb\fileImages\01000\0036e9d9-f991-46ce-87bf-774da106a8b5\10247001069.jpg, image: unknown format
2025/06/20 13:43:02 所有案卷处理完成
2025/06/20 13:47:07 使用现有目录: 05005，已有文件夹数量: 3232/5000
2025/06/20 13:47:07 初始化切片目录为 05005，已有文件夹数量 3232
2025/06/20 13:47:07 共找到 16 个待处理案卷
2025/06/20 13:47:08 解析图片尺寸失败: J:\imagess\001\ucamisweb\fileImages\01060\65069490-61bc-497f-94f7-f05d11239fe5\10329383004.jpg, image: unknown format
2025/06/20 13:47:08 解析图片尺寸失败: J:\imagess\001\ucamisweb\fileImages\01080\85cf572d-9c6c-4172-8876-76c42be6ed23\11717004007.jpg, image: unknown format
2025/06/20 13:47:10 解析图片尺寸失败: J:\imagess\001\ucamisweb\fileImages\01088\9437efd2-9ed6-49da-aaf0-15158874db12\11719026019.jpg, image: unknown format
2025/06/20 13:47:10 解析图片尺寸失败: J:\imagess\001\ucamisweb\fileImages\01088\9437efd2-9ed6-49da-aaf0-15158874db12\11719026020.jpg, image: unknown format
2025/06/20 13:47:12 解析图片尺寸失败: J:\imagess\001\ucamisweb\fileImages\01103\ac94fad4-d7f8-49af-b1f2-120c6ceb5dce\11916003031.jpg, image: unknown format
2025/06/20 13:47:12 解析图片尺寸失败: J:\imagess\001\ucamisweb\fileImages\01080\85cf572d-9c6c-4172-8876-76c42be6ed23\11717004032.jpg, image: unknown format
2025/06/20 13:47:13 解析图片尺寸失败: J:\imagess\001\ucamisweb\fileImages\01140\e9681146-a393-46dd-96b2-3ee1a0dfb36a\11717028037.jpg, image: unknown format
2025/06/20 13:47:13 解析图片尺寸失败: J:\imagess\001\ucamisweb\fileImages\01140\e9681146-a393-46dd-96b2-3ee1a0dfb36a\11717028038.jpg, image: unknown format
2025/06/20 13:47:14 解析图片尺寸失败: J:\imagess\001\ucamisweb\fileImages\01120\c7ec2dd2-ca83-48a9-87aa-e7902fc0b31c\11808005045.jpg, image: unknown format
2025/06/20 13:47:14 解析图片尺寸失败: J:\imagess\001\ucamisweb\fileImages\01007\0d2e2fea-62d1-45f5-a145-0ba6814da837\11808049062.jpg, image: unknown format
2025/06/20 13:47:14 解析图片尺寸失败: J:\imagess\001\ucamisweb\fileImages\01112\baade7ca-6b6e-4ba6-8e63-911ab9549da6\10280250049.jpg, image: unknown format
2025/06/20 13:47:15 解析图片尺寸失败: J:\imagess\001\ucamisweb\fileImages\01026\2c2bca20-8c32-45cb-ac0f-d016eb269f3e\11808048060.jpg, image: unknown format
2025/06/20 13:47:15 解析图片尺寸失败: J:\imagess\001\ucamisweb\fileImages\01026\2c2bca20-8c32-45cb-ac0f-d016eb269f3e\11808048061.jpg, image: unknown format
2025/06/20 13:47:15 解析图片尺寸失败: J:\imagess\001\ucamisweb\fileImages\01026\2c2bca20-8c32-45cb-ac0f-d016eb269f3e\11808048062.jpg, image: unknown format
2025/06/20 13:47:15 解析图片尺寸失败: J:\imagess\001\ucamisweb\fileImages\01120\c7ec2dd2-ca83-48a9-87aa-e7902fc0b31c\11808005057.jpg, image: unknown format
2025/06/20 13:47:16 解析图片尺寸失败: J:\imagess\001\ucamisweb\fileImages\01665\5ed3ce7f-172b-49c2-be9b-781f9ff1b5d2\15270057051.jpg, image: unknown format
2025/06/20 13:47:17 解析图片尺寸失败: J:\imagess\001\ucamisweb\fileImages\01120\c7ec2dd2-ca83-48a9-87aa-e7902fc0b31c\11808005068.jpg, image: unknown format
2025/06/20 13:47:17 解析图片尺寸失败: J:\imagess\001\ucamisweb\fileImages\01120\c7ec2dd2-ca83-48a9-87aa-e7902fc0b31c\11808005070.jpg, image: unknown format
2025/06/20 13:47:18 解析图片尺寸失败: J:\imagess\001\ucamisweb\fileImages\01049\52fc8c59-4d12-4a35-92a9-a67fa88c7b02\15184089080.jpg, image: unknown format
2025/06/20 13:47:19 解析图片尺寸失败: J:\imagess\001\ucamisweb\fileImages\01120\c7ec2dd2-ca83-48a9-87aa-e7902fc0b31c\11808005086.jpg, image: unknown format
2025/06/20 13:47:20 解析图片尺寸失败: J:\imagess\001\ucamisweb\fileImages\01140\e9681146-a393-46dd-96b2-3ee1a0dfb36a\11717028084.jpg, image: unknown format
2025/06/20 13:47:20 解析图片尺寸失败: J:\imagess\001\ucamisweb\fileImages\01026\2c2bca20-8c32-45cb-ac0f-d016eb269f3e\11808048101.jpg, image: unknown format
2025/06/20 13:47:20 解析图片尺寸失败: J:\imagess\001\ucamisweb\fileImages\01026\2c2bca20-8c32-45cb-ac0f-d016eb269f3e\11808048103.jpg, image: unknown format
2025/06/20 13:47:22 解析图片尺寸失败: J:\imagess\001\ucamisweb\fileImages\01099\a5cb3494-8828-4b16-9d40-c5adb4135209\11717003108.jpg, image: unknown format
2025/06/20 13:47:22 解析图片尺寸失败: J:\imagess\001\ucamisweb\fileImages\01099\a5cb3494-8828-4b16-9d40-c5adb4135209\11717003110.jpg, image: unknown format
2025/06/20 13:47:22 解析图片尺寸失败: J:\imagess\001\ucamisweb\fileImages\01007\0d2e2fea-62d1-45f5-a145-0ba6814da837\11808049129.jpg, image: unknown format
2025/06/20 13:47:23 解析图片尺寸失败: J:\imagess\001\ucamisweb\fileImages\01129\d79372eb-547f-403b-a7ce-47ffac8485fe\11717039108.jpg, image: unknown format
2025/06/20 13:47:23 解析图片尺寸失败: J:\imagess\001\ucamisweb\fileImages\01129\d79372eb-547f-403b-a7ce-47ffac8485fe\11717039110.jpg, image: unknown format
2025/06/20 13:47:23 解析图片尺寸失败: J:\imagess\001\ucamisweb\fileImages\01120\c7ec2dd2-ca83-48a9-87aa-e7902fc0b31c\11808005121.jpg, image: unknown format
2025/06/20 13:47:24 解析图片尺寸失败: J:\imagess\001\ucamisweb\fileImages\01099\a5cb3494-8828-4b16-9d40-c5adb4135209\11717003130.jpg, image: unknown format
2025/06/20 13:47:24 解析图片尺寸失败: J:\imagess\001\ucamisweb\fileImages\01043\486a3a86-331c-44e5-9e96-d3e8df55ea08\10327002118.jpg, image: unknown format
2025/06/20 13:47:25 解析图片尺寸失败: J:\imagess\001\ucamisweb\fileImages\01099\a5cb3494-8828-4b16-9d40-c5adb4135209\11717003133.jpg, image: unknown format
2025/06/20 13:47:25 解析图片尺寸失败: J:\imagess\001\ucamisweb\fileImages\01099\a5cb3494-8828-4b16-9d40-c5adb4135209\11717003134.jpg, image: unknown format
2025/06/20 13:47:26 解析图片尺寸失败: J:\imagess\001\ucamisweb\fileImages\01007\0d2e2fea-62d1-45f5-a145-0ba6814da837\11808049160.jpg, image: unknown format
2025/06/20 13:47:27 解析图片尺寸失败: J:\imagess\001\ucamisweb\fileImages\01099\a5cb3494-8828-4b16-9d40-c5adb4135209\11717003152.jpg, image: unknown format
2025/06/20 13:47:28 解析图片尺寸失败: J:\imagess\001\ucamisweb\fileImages\01665\3138b68f-5b6f-4455-8551-5302981594ae\15270058111.jpg, image: unknown format
2025/06/20 13:47:45 解析图片尺寸失败: J:\imagess\001\ucamisweb\fileImages\01144\f0fb8bf4-dba4-4ce6-8527-a9c9f1a91fdb\15150005309.jpg.jpg, image: unknown format
2025/06/20 13:48:18 所有案卷处理完成
